<?xml version="1.0" encoding="UTF-8"?>
<!-- Generated by org.testng.reporters.JUnitReportReporter -->
<testsuite hostname="DESKTOP-8TL1BE2" failures="0" tests="2" name="AppTest.AppTest" time="19.156" errors="0" timestamp="2024-12-14T12:53:57 BDT" skipped="0">
  <testcase classname="AppTest.AppTest" name="PopupMenu" time="15.695"/>
  <testcase classname="AppTest.AppTest" name="testDragAndDrop" time="3.461"/>
</testsuite> <!-- AppTest.AppTest -->
