<?xml version="1.0" encoding="UTF-8"?>
<!-- Generated by org.testng.reporters.JUnitReportReporter -->
<testsuite hostname="DESKTOP-8TL1BE2" failures="0" tests="2" name="AppTest.AppTest" time="17.146" errors="0" timestamp="2024-12-14T12:06:06 BDT" skipped="0">
  <testcase classname="AppTest.AppTest" name="PopupMenu" time="13.943"/>
  <testcase classname="AppTest.AppTest" name="testDragAndDrop" time="3.203"/>
</testsuite> <!-- AppTest.AppTest -->
